<?xml version="1.0" encoding="UTF-8"?>
<testsuite name="challenge.SubmitTest" tests="6" skipped="0" failures="0" errors="0" timestamp="2019-02-16T11:05:37" hostname="inspiron" time="4.211">
  <properties/>
  <testcase name="q1" classname="challenge.SubmitTest" time="1.392"/>
  <testcase name="q2" classname="challenge.SubmitTest" time="0.708"/>
  <testcase name="q3" classname="challenge.SubmitTest" time="0.519"/>
  <testcase name="q4" classname="challenge.SubmitTest" time="0.47"/>
  <testcase name="q5" classname="challenge.SubmitTest" time="0.577"/>
  <testcase name="q6" classname="challenge.SubmitTest" time="0.544"/>
  <system-out><![CDATA[]]></system-out>
  <system-err><![CDATA[]]></system-err>
</testsuite>
